2025-02-09 06:13:51.754 - DBeaver 24.3.3.202501191633 is starting
2025-02-09 06:13:51.755 - OS: Mac OS X 14.2 (aarch64)
2025-02-09 06:13:51.755 - Java version: 17.0.6 by Eclipse Adoptium (64bit)
2025-02-09 06:13:51.755 - Install path: '/Applications/DBeaver.app/Contents/Eclipse'
2025-02-09 06:13:51.755 - Instance path: 'file:/Users/bigongja/Database_workspace/'
2025-02-09 06:13:51.756 - Memory available 64Mb/1024Mb
2025-02-09 06:13:51.756 - Platform not initialized: metadata folder may be not set
2025-02-09 06:13:51.762 - Initialize desktop platform...
2025-02-09 06:13:51.818 - BounceCastle bundle found. Use JCE provider BC
> Start Core File Systems [org.eclipse.core.filesystem 1.11.100.v20241022-0806]
> Start Core Resource Management [org.eclipse.core.resources 3.22.0.v20241001-1711]
> Start 팀 지원 핵심 [org.eclipse.team.core 3.10.500.v20240621-0541]
> Start DBeaver UI Navigator [org.jkiss.dbeaver.ui.navigator 1.0.147.202501191633]
2025-02-09 06:13:51.897 - Initialize base platform...
> Start DBeaver UI Editors - Base [org.jkiss.dbeaver.ui.editors.base 1.0.147.202501191633]
2025-02-09 06:13:51.910 - send collected statistics
2025-02-09 06:13:51.918 - Platform initialized (156ms)
2025-02-09 06:13:51.935 - Starting instance server at http://localhost:50001
2025-02-09 06:13:51.939 - Run workbench
2025-02-09 06:13:51.940 - Create display
> Start Eclipse e4 작업영역 SWT [org.eclipse.e4.ui.workbench.swt 0.17.600.v20241015-1729]
> Start Eclipse Application Services [org.eclipse.e4.core.services 2.5.0.v20241015-2219]
> Start Eclipse UI Application Services [org.eclipse.e4.ui.services 1.6.400.v20241015-1729]
> Start Eclipse e4 Progress View [org.eclipse.e4.ui.progress 0.4.700.v20241015-1729]
> Start Eclipse Bindings Support [org.eclipse.e4.ui.bindings 0.14.500.v20241015-1729]
> Start Eclipse e4 core commands [org.eclipse.e4.core.commands 1.1.500.v20241015-1729]
> Start EMF XML/XMI Persistence [org.eclipse.emf.ecore.xmi 2.38.0.v20240721-0634]
> Start Eclipse e4 작업영역 기능 추가 [org.eclipse.e4.ui.workbench.addons.swt 1.5.600.v20241107-2150]
> Start Eclipse e4 작업영역 SWT 렌더러 [org.eclipse.e4.ui.workbench.renderers.swt 0.16.600.v20241008-1401]
> Start Eclipse Dependency Injection Extensions [org.eclipse.e4.core.di.extensions 0.18.300.v20240413-1529]
> Start Eclipse CSS SWT Support [org.eclipse.e4.ui.css.swt 0.15.400.v20240321-1245]
> Start Eclipse CSS SWT Theme Support [org.eclipse.e4.ui.css.swt.theme 0.14.400.v20240424-0956]
> Start 기본 문서 편집기 [org.eclipse.ui.editors 3.19.0.v20241106-0945]
> Start 텍스트 편집기 프레임워크 [org.eclipse.ui.workbench.texteditor 3.19.0.v20241112-1917]
2025-02-09 06:13:53.040 - Configure workbench window
> Start DBeaver SQL Model [org.jkiss.dbeaver.model.sql 1.0.137.202501191633]
2025-02-09 06:13:53.110 - Total database drivers: 123 (123)
> Start 도움말 시스템 코어 [org.eclipse.help 3.10.400.v20240415-0528]
2025-02-09 06:13:53.145 - Create actions
2025-02-09 06:13:53.149 - Disable Eclipse action set 'org.eclipse.ui.edit.text.actionSet.annotationNavigation'
2025-02-09 06:13:53.149 - Disable Eclipse action set 'org.eclipse.ui.WorkingSetActionSet'
2025-02-09 06:13:53.149 - Disable Eclipse action set 'org.eclipse.ui.actionSet.openFiles'
2025-02-09 06:13:53.149 - Create workbench actions
2025-02-09 06:13:53.331 - Initialize workbench window
2025-02-09 06:13:53.333 - Finish initialization
> Start DBeaver UI Editors - Data [org.jkiss.dbeaver.ui.editors.data 1.0.147.202501191633]
2025-02-09 06:13:53.483 - NLS unused message: actions_navigator__objects in: org.jkiss.dbeaver.ui.editors.sql.internal.SQLEditorMessages
> Start DBeaver UI Editors - SQL [org.jkiss.dbeaver.ui.editors.sql 1.0.147.202501191633]
Warning: NLS unused message: FindReplace_title in: org.eclipse.ui.texteditor.EditorMessages
Warning: NLS unused message: FindReplace_Find_label in: org.eclipse.ui.texteditor.EditorMessages
Warning: NLS unused message: FindReplace_Replace_label in: org.eclipse.ui.texteditor.EditorMessages
Warning: NLS unused message: FindReplace_Direction in: org.eclipse.ui.texteditor.EditorMessages
Warning: NLS unused message: FindReplace_ForwardRadioButton_label in: org.eclipse.ui.texteditor.EditorMessages
Warning: NLS unused message: FindReplace_BackwardRadioButton_label in: org.eclipse.ui.texteditor.EditorMessages
Warning: NLS unused message: FindReplace_Scope in: org.eclipse.ui.texteditor.EditorMessages
Warning: NLS unused message: FindReplace_GlobalRadioButton_label in: org.eclipse.ui.texteditor.EditorMessages
Warning: NLS unused message: FindReplace_SelectedRangeRadioButton_label in: org.eclipse.ui.texteditor.EditorMessages
Warning: NLS unused message: FindReplace_Options in: org.eclipse.ui.texteditor.EditorMessages
Warning: NLS unused message: FindReplace_CaseCheckBox_label in: org.eclipse.ui.texteditor.EditorMessages
Warning: NLS unused message: FindReplace_WrapCheckBox_label in: org.eclipse.ui.texteditor.EditorMessages
Warning: NLS unused message: FindReplace_WholeWordCheckBox_label in: org.eclipse.ui.texteditor.EditorMessages
Warning: NLS unused message: FindReplace_IncrementalCheckBox_label in: org.eclipse.ui.texteditor.EditorMessages
Warning: NLS unused message: FindReplace_RegExCheckbox_label in: org.eclipse.ui.texteditor.EditorMessages
Warning: NLS unused message: FindReplace_FindNextButton_label in: org.eclipse.ui.texteditor.EditorMessages
Warning: NLS unused message: FindReplace_ReplaceFindButton_label in: org.eclipse.ui.texteditor.EditorMessages
Warning: NLS unused message: FindReplace_ReplaceSelectionButton_label in: org.eclipse.ui.texteditor.EditorMessages
Warning: NLS unused message: FindReplace_ReplaceAllButton_label in: org.eclipse.ui.texteditor.EditorMessages
Warning: NLS unused message: FindReplace_SelectAllButton_label in: org.eclipse.ui.texteditor.EditorMessages
Warning: NLS unused message: FindReplace_CloseButton_label in: org.eclipse.ui.texteditor.EditorMessages
Warning: NLS unused message: FindReplace_Status_replacements_label in: org.eclipse.ui.texteditor.EditorMessages
> Start DBeaver SQL Terminal [org.jkiss.dbeaver.ui.editors.sql.terminal 1.0.123.202501191633]
> Start 핵심 비교 지원 [org.eclipse.compare.core 3.8.600.v20240915-0814]
> Start 인터넷 연결 관리 사용자 인터페이스 [org.eclipse.ui.net 1.5.400.v20240413-1529]
> Start Internet Connection Management [org.eclipse.core.net 1.5.500.v20240625-1706]
> Start DBeaver Sample Database [org.jkiss.dbeaver.ext.sample.database 1.0.184.202501191633]
> Start DBeaver Tip of the day [org.jkiss.dbeaver.ext.ui.tipoftheday 1.0.153.202501191633]
> Start GEF Classic Draw2d [org.eclipse.draw2d 3.18.0.202411181923]
> Start GEF Classic GEF (MVC) [org.eclipse.gef 3.20.0.202411181923]
> Start DBeaver ERD UI [org.jkiss.dbeaver.erd.ui 3.0.107.202501191633]
> Start DBeaver ERD Model [org.jkiss.dbeaver.erd.model 1.0.107.202501191633]
> Start DBeaver Dashboard UI [org.jkiss.dbeaver.ui.dashboard 1.0.144.202501191633]
> Start DBeaver JDBC Model [org.jkiss.dbeaver.model.jdbc 1.0.40.202501191633]
> Start DBeaver Oracle Model [org.jkiss.dbeaver.ext.oracle 2.1.232.202501191633]
> Start 콘솔 [org.eclipse.ui.console 3.14.200.v20240918-1457]
> Start 디버그 핵심 [org.eclipse.debug.core 3.22.0.v20241113-1056]
> Start DBeaver SQL Language Semantic Model [org.jkiss.dbeaver.model.lsm 1.0.42.202501191633]
2025-02-09 06:16:20.669 - Application goes into sleep mode
2025-02-09 06:16:22.126 - System suspend detected. Close all remote connections.
2025-02-09 06:18:32.853 - Application wakes
2025-02-09 06:18:32.868 - Application goes into sleep mode
2025-02-09 13:47:33.961 - Application wakes
2025-02-09 13:47:34.279 - System awake detected. Reinitialize all remote connections.
